grep: Enlaces_Acestream_26-01-2024.txt: No such file or directory
grep: Enlaces_Acestream_26-01-2024.txt: No such file or directory
grep: Enlaces_Acestream_26-01-2024.txt: No such file or directory
grep: Enlaces_Acestream_26-01-2024.txt: No such file or directory
grep: Enlaces_Acestream_26-01-2024.txt: No such file or directory
grep: Enlaces_Acestream_26-01-2024.txt: No such file or directory
grep: Enlaces_Acestream_26-01-2024.txt: No such file or directory
grep: Enlaces_Acestream_26-01-2024.txt: No such file or directory
grep: Enlaces_Acestream_26-01-2024.txt: No such file or directory
grep: Enlaces_Acestream_26-01-2024.txt: No such file or directory
grep: Enlaces_Acestream_26-01-2024.txt: No such file or directory
grep: Enlaces_Acestream_26-01-2024.txt: No such file or directory
grep: Enlaces_Acestream_26-01-2024.txt: No such file or directory
grep: Enlaces_Acestream_26-01-2024.txt: No such file or directory
grep: Enlaces_Acestream_26-01-2024.txt: No such file or directory
grep: Enlaces_Acestream_26-01-2024.txt: No such file or directory
grep: Enlaces_Acestream_26-01-2024.txt: No such file or directory
grep: Enlaces_Acestream_26-01-2024.txt: No such file or directory
grep: Enlaces_Acestream_26-01-2024.txt: No such file or directory
grep: Enlaces_Acestream_26-01-2024.txt: No such file or directory
grep: Enlaces_Acestream_26-01-2024.txt: No such file or directory
grep: Enlaces_Acestream_26-01-2024.txt: No such file or directory
grep: Enlaces_Acestream_26-01-2024.txt: No such file or directory
grep: Enlaces_Acestream_26-01-2024.txt: No such file or directory
grep: Enlaces_Acestream_26-01-2024.txt: No such file or directory
grep: Enlaces_Acestream_26-01-2024.txt: No such file or directory
grep: Enlaces_Acestream_26-01-2024.txt: No such file or directory
grep: Enlaces_Acestream_26-01-2024.txt: No such file or directory
grep: Enlaces_Acestream_26-01-2024.txt: No such file or directory
grep: Enlaces_Acestream_26-01-2024.txt: No such file or directory
grep: Enlaces_Acestream_26-01-2024.txt: No such file or directory
updating_github : ERROR : some error occured while pushing the code
2024-01-26 04:07:35.893263
---------------------------------------------------------

updating_github : INFO : web updated to github
2024-01-26 05:10:43.768725
---------------------------------------------------------

updating_github : INFO : web updated to github
2024-01-26 06:05:57.487098
---------------------------------------------------------

updating_github : INFO : web updated to github
2024-01-26 07:05:49.568727
---------------------------------------------------------

updating_github : INFO : web updated to github
2024-01-26 08:06:18.719818
---------------------------------------------------------

updating_github : INFO : web updated to github
2024-01-26 09:05:39.886104
---------------------------------------------------------

updating_github : INFO : web updated to github
2024-01-26 10:06:02.166571
---------------------------------------------------------

updating_github : INFO : web updated to github
2024-01-26 11:05:58.849885
---------------------------------------------------------

updating_github : INFO : web updated to github
2024-01-26 12:05:52.642081
---------------------------------------------------------

updating_github : INFO : web updated to github
2024-01-26 13:05:56.282770
---------------------------------------------------------

updating_github : INFO : web updated to github
2024-01-26 14:05:57.315762
---------------------------------------------------------

updating_github : INFO : web updated to github
2024-01-26 15:05:51.394890
---------------------------------------------------------

grep: Enlaces_Acestream_26-01-2024.txt: No such file or directory
grep: Enlaces_Acestream_26-01-2024.txt: No such file or directory
grep: Enlaces_Acestream_26-01-2024.txt: No such file or directory
grep: Enlaces_Acestream_26-01-2024.txt: No such file or directory
grep: Enlaces_Acestream_26-01-2024.txt: No such file or directory
grep: Enlaces_Acestream_26-01-2024.txt: No such file or directory
grep: Enlaces_Acestream_26-01-2024.txt: No such file or directory
grep: Enlaces_Acestream_26-01-2024.txt: No such file or directory
grep: Enlaces_Acestream_26-01-2024.txt: No such file or directory
grep: Enlaces_Acestream_26-01-2024.txt: No such file or directory
grep: Enlaces_Acestream_26-01-2024.txt: No such file or directory
grep: Enlaces_Acestream_26-01-2024.txt: No such file or directory
grep: Enlaces_Acestream_26-01-2024.txt: No such file or directory
grep: Enlaces_Acestream_26-01-2024.txt: No such file or directory
grep: Enlaces_Acestream_26-01-2024.txt: No such file or directory
grep: Enlaces_Acestream_26-01-2024.txt: No such file or directory
grep: Enlaces_Acestream_26-01-2024.txt: No such file or directory
grep: Enlaces_Acestream_26-01-2024.txt: No such file or directory
grep: Enlaces_Acestream_26-01-2024.txt: No such file or directory
grep: Enlaces_Acestream_26-01-2024.txt: No such file or directory
grep: Enlaces_Acestream_26-01-2024.txt: No such file or directory
grep: Enlaces_Acestream_26-01-2024.txt: No such file or directory
grep: Enlaces_Acestream_26-01-2024.txt: No such file or directory
grep: Enlaces_Acestream_26-01-2024.txt: No such file or directory
grep: Enlaces_Acestream_26-01-2024.txt: No such file or directory
grep: Enlaces_Acestream_26-01-2024.txt: No such file or directory
grep: Enlaces_Acestream_26-01-2024.txt: No such file or directory
grep: Enlaces_Acestream_26-01-2024.txt: No such file or directory
grep: Enlaces_Acestream_26-01-2024.txt: No such file or directory
grep: Enlaces_Acestream_26-01-2024.txt: No such file or directory
grep: Enlaces_Acestream_26-01-2024.txt: No such file or directory
updating_github : INFO : web updated to github
2024-01-26 16:06:11.659735
---------------------------------------------------------

updating_github : INFO : web updated to github
2024-01-26 17:06:03.625604
---------------------------------------------------------

updating_github : INFO : web updated to github
2024-01-26 18:05:45.278810
---------------------------------------------------------

updating_github : INFO : web updated to github
2024-01-26 19:05:57.141730
---------------------------------------------------------

